<?xml version="1.0" encoding="UTF-8"?>
<!-- Generated by org.testng.reporters.JUnitReportReporter -->
<testsuite hostname="DESKTOP-P9MM3AH" failures="0" tests="1" name="com.GuestUserWith_ViewCart_Paypal.tc__SimpleProductsAndBundle_Gc_InVC_Paypal" time="90.742" errors="0" timestamp="2023-09-14T19:30:36 IST" skipped="0">
  <testcase classname="com.GuestUserWith_ViewCart_Paypal.tc__SimpleProductsAndBundle_Gc_InVC_Paypal" name="simpleProducts_Bundle_Gc" time="90.742"/>
  <system-out/>
</testsuite> <!-- com.GuestUserWith_ViewCart_Paypal.tc__SimpleProductsAndBundle_Gc_InVC_Paypal -->
