<?xml version="1.0" encoding="UTF-8"?>
<!-- Generated by org.testng.reporters.JUnitReportReporter -->
<testsuite hostname="DESKTOP-P9MM3AH" failures="0" tests="1" name="com.Logout.tc__LogOut" time="14.643" errors="0" timestamp="2023-09-15T11:33:10 IST" skipped="0">
  <testcase classname="com.Logout.tc__LogOut" name="Logout" time="14.643"/>
  <system-out/>
</testsuite> <!-- com.Logout.tc__LogOut -->
