<?xml version="1.0" encoding="UTF-8"?>
<!-- Generated by org.testng.reporters.JUnitReportReporter -->
<testsuite hostname="LAPTOP-ET4V0VCK" failures="0" tests="1" name="com.providio.login.tc__Login" time="34.403" errors="0" timestamp="2023-09-26T17:33:27 IST" skipped="0">
  <testcase classname="com.providio.login.tc__Login" name="loginTest" time="34.403"/>
  <system-out/>
</testsuite> <!-- com.providio.login.tc__Login -->
