<?xml version="1.0" encoding="UTF-8"?>
<!-- Generated by org.testng.reporters.JUnitReportReporter -->
<testsuite hostname="DESKTOP-P9MM3AH" failures="0" tests="1" name="com.GuestUserWith_GcAndCC.tc__VariationProductForGuestUser_InGcAndCc" time="84.341" errors="0" timestamp="2023-09-14T19:30:36 IST" skipped="0">
  <testcase classname="com.GuestUserWith_GcAndCC.tc__VariationProductForGuestUser_InGcAndCc" name="variationProduct" time="84.341"/>
  <system-out/>
</testsuite> <!-- com.GuestUserWith_GcAndCC.tc__VariationProductForGuestUser_InGcAndCc -->
