<?xml version="1.0" encoding="UTF-8"?>
<!-- Generated by org.testng.reporters.JUnitReportReporter -->
<testsuite hostname="DESKTOP-P9MM3AH" failures="0" tests="1" name="com.GuestUserWith_GcAndCC.tc__OrderByGC_CC_GuestUser" time="301.100" errors="0" timestamp="2023-09-14T19:30:36 IST" skipped="0">
  <testcase classname="com.GuestUserWith_GcAndCC.tc__OrderByGC_CC_GuestUser" name="paypalFromCheckoutPage" time="301.100"/>
  <system-out/>
</testsuite> <!-- com.GuestUserWith_GcAndCC.tc__OrderByGC_CC_GuestUser -->
