<?xml version="1.0" encoding="UTF-8"?>
<!-- Generated by org.testng.reporters.JUnitReportReporter -->
<testsuite hostname="DESKTOP-P9MM3AH" failures="0" tests="1" name="com.GuestUserWith_Checkout_Paypal.tc__BundleProductForGuestUser_InCheckoutPaypal" time="85.431" errors="0" timestamp="2023-10-05T10:34:48 IST" skipped="0">
  <testcase classname="com.GuestUserWith_Checkout_Paypal.tc__BundleProductForGuestUser_InCheckoutPaypal" name="bundleProduct" time="85.431"/>
  <system-out/>
</testsuite> <!-- com.GuestUserWith_Checkout_Paypal.tc__BundleProductForGuestUser_InCheckoutPaypal -->
