<?xml version="1.0" encoding="UTF-8"?>
<!-- Generated by org.testng.reporters.JUnitReportReporter -->
<testsuite hostname="DESKTOP-P9MM3AH" failures="0" tests="1" name="com.RegUserWith_CreditCard.tc__BundleProductRegUser_InCC" time="121.411" errors="0" timestamp="2023-10-04T18:20:21 IST" skipped="0">
  <testcase classname="com.RegUserWith_CreditCard.tc__BundleProductRegUser_InCC" name="bundleProduct" time="121.411"/>
  <system-out/>
</testsuite> <!-- com.RegUserWith_CreditCard.tc__BundleProductRegUser_InCC -->
