<?xml version="1.0" encoding="UTF-8"?>
<!-- Generated by org.testng.reporters.JUnitReportReporter -->
<testsuite hostname="DESKTOP-P9MM3AH" failures="0" tests="1" name="com.GuestUserWith_GiftCard.tc__simpleProductAndGc_InGiftCard" time="75.799" errors="0" timestamp="2023-09-20T15:57:02 IST" skipped="0">
  <testcase classname="com.GuestUserWith_GiftCard.tc__simpleProductAndGc_InGiftCard" name="simpleProduct_Gc" time="75.799"/>
  <system-out/>
</testsuite> <!-- com.GuestUserWith_GiftCard.tc__simpleProductAndGc_InGiftCard -->
