<?xml version="1.0" encoding="UTF-8"?>
<!-- Generated by org.testng.reporters.JUnitReportReporter -->
<testsuite hostname="DESKTOP-P9MM3AH" failures="0" tests="1" name="com.providio.login.tc__Login" time="35.758" errors="0" timestamp="2023-09-21T14:56:07 IST" skipped="0">
  <testcase classname="com.providio.login.tc__Login" name="loginTest" time="35.758"/>
  <system-out/>
</testsuite> <!-- com.providio.login.tc__Login -->
