<?xml version="1.0" encoding="UTF-8"?>
<!-- Generated by org.testng.reporters.JUnitReportReporter -->
<testsuite hostname="DESKTOP-P9MM3AH" failures="0" tests="1" name="com.GuestUserWith_CreditCard.tc__Bundle_GcAndAllPromotions_Guest_InCC" time="135.227" errors="0" timestamp="2023-09-20T17:21:57 IST" skipped="0">
  <testcase classname="com.GuestUserWith_CreditCard.tc__Bundle_GcAndAllPromotions_Guest_InCC" name="bundle_GcAndAllPromotions" time="135.227"/>
  <system-out/>
</testsuite> <!-- com.GuestUserWith_CreditCard.tc__Bundle_GcAndAllPromotions_Guest_InCC -->
