<?xml version="1.0" encoding="UTF-8"?>
<!-- Generated by org.testng.reporters.JUnitReportReporter -->
<testsuite hostname="DESKTOP-P9MM3AH" failures="0" tests="1" name="com.GuestUserWith_CreditCard.tc__VariationProductForGuestUser_InCC" time="150.171" errors="0" timestamp="2023-10-05T13:11:50 IST" skipped="0">
  <testcase classname="com.GuestUserWith_CreditCard.tc__VariationProductForGuestUser_InCC" name="variationProduct" time="150.171"/>
  <system-out/>
</testsuite> <!-- com.GuestUserWith_CreditCard.tc__VariationProductForGuestUser_InCC -->
