<?xml version="1.0" encoding="UTF-8"?>
<!-- Generated by org.testng.reporters.JUnitReportReporter -->
<testsuite hostname="DESKTOP-P9MM3AH" failures="0" tests="1" name="com.GuestUserWith_ViewCart_Paypal.tc__PickUpStore_Guest_InVC_Paypal" time="240.572" errors="0" timestamp="2023-10-11T15:33:08 IST" skipped="0">
  <testcase classname="com.GuestUserWith_ViewCart_Paypal.tc__PickUpStore_Guest_InVC_Paypal" name="paypalFromCheckoutPage" time="240.572"/>
  <system-out/>
</testsuite> <!-- com.GuestUserWith_ViewCart_Paypal.tc__PickUpStore_Guest_InVC_Paypal -->
