<?xml version="1.0" encoding="UTF-8"?>
<!-- Generated by org.testng.reporters.JUnitReportReporter -->
<testsuite hostname="DESKTOP-P9MM3AH" failures="0" tests="1" name="com.GuestUserWith_Checkout_Paypal.tc__SimpleProductForGuestUser_InPaypal" time="136.756" errors="0" timestamp="2023-09-20T16:50:09 IST" skipped="0">
  <testcase classname="com.GuestUserWith_Checkout_Paypal.tc__SimpleProductForGuestUser_InPaypal" name="simpleProduct" time="136.756"/>
  <system-out/>
</testsuite> <!-- com.GuestUserWith_Checkout_Paypal.tc__SimpleProductForGuestUser_InPaypal -->
