<?xml version="1.0" encoding="UTF-8"?>
<!-- Generated by org.testng.reporters.JUnitReportReporter -->
<testsuite hostname="DESKTOP-P9MM3AH" failures="0" tests="1" name="com.GuestUserWith_Checkout_Paypal.tc__ProductSetForGuestUser_InCheckoutPaypal" time="216.342" errors="0" timestamp="2023-10-12T09:51:55 IST" skipped="0">
  <testcase classname="com.GuestUserWith_Checkout_Paypal.tc__ProductSetForGuestUser_InCheckoutPaypal" name="productSet" time="216.342"/>
  <system-out/>
</testsuite> <!-- com.GuestUserWith_Checkout_Paypal.tc__ProductSetForGuestUser_InCheckoutPaypal -->
