<?xml version="1.0" encoding="UTF-8"?>
<!-- Generated by org.testng.reporters.JUnitReportReporter -->
<testsuite hostname="DESKTOP-P9MM3AH" failures="0" tests="1" name="com.proviodi.eachPagetest.pdppage" time="43.033" errors="0" timestamp="2023-09-29T16:09:05 IST" skipped="0">
  <testcase classname="com.proviodi.eachPagetest.pdppage" name="testing" time="43.033"/>
  <system-out/>
</testsuite> <!-- com.proviodi.eachPagetest.pdppage -->
