<?xml version="1.0" encoding="UTF-8"?>
<!-- Generated by org.testng.reporters.JUnitReportReporter -->
<testsuite hostname="DESKTOP-P9MM3AH" failures="0" tests="1" name="com.GuestUserWith_CreditCard.tc__PickUpStore_Guest_CC" time="190.720" errors="0" timestamp="2023-10-13T10:13:56 IST" skipped="0">
  <testcase classname="com.GuestUserWith_CreditCard.tc__PickUpStore_Guest_CC" name="paypalFromCheckoutPage" time="190.720"/>
  <system-out/>
</testsuite> <!-- com.GuestUserWith_CreditCard.tc__PickUpStore_Guest_CC -->
