<?xml version="1.0" encoding="UTF-8"?>
<!-- Generated by org.testng.reporters.JUnitReportReporter -->
<testsuite hostname="DESKTOP-P9MM3AH" failures="0" tests="1" name="com.GuestUserWith_CreditCard.tc__ShippingAndBillingAddressDiffer_Guest_InCc" time="139.277" errors="0" timestamp="2023-09-20T17:21:57 IST" skipped="0">
  <testcase classname="com.GuestUserWith_CreditCard.tc__ShippingAndBillingAddressDiffer_Guest_InCc" name="shippingAndBillingAddressDiffer_Guest" time="139.277"/>
  <system-out/>
</testsuite> <!-- com.GuestUserWith_CreditCard.tc__ShippingAndBillingAddressDiffer_Guest_InCc -->
