<?xml version="1.0" encoding="UTF-8"?>
<!-- Generated by org.testng.reporters.JUnitReportReporter -->
<testsuite hostname="DESKTOP-P9MM3AH" failures="0" tests="1" name="com.GuestUserWith_CreditCard.tc__GuestUser_InCc" time="164.068" errors="0" timestamp="2023-10-04T15:42:32 IST" skipped="0">
  <testcase classname="com.GuestUserWith_CreditCard.tc__GuestUser_InCc" name="guestlogin" time="164.068"/>
  <system-out/>
</testsuite> <!-- com.GuestUserWith_CreditCard.tc__GuestUser_InCc -->
