<?xml version="1.0" encoding="UTF-8"?>
<!-- Generated by org.testng.reporters.JUnitReportReporter -->
<testsuite hostname="DESKTOP-P9MM3AH" failures="0" tests="1" name="com.GuestUserWith_CreditCard.tc__GuestUser_InCc" time="169.002" errors="0" timestamp="2023-10-12T12:23:47 IST" skipped="0">
  <testcase classname="com.GuestUserWith_CreditCard.tc__GuestUser_InCc" name="guestlogin" time="169.002"/>
  <system-out/>
</testsuite> <!-- com.GuestUserWith_CreditCard.tc__GuestUser_InCc -->
