<?xml version="1.0" encoding="UTF-8"?>
<!-- Generated by org.testng.reporters.JUnitReportReporter -->
<testsuite hostname="DESKTOP-P9MM3AH" failures="0" tests="1" name="com.GuestUserWith_Minicart_Paypal.tc__PaypalFromLoginPageGuestUser" time="29.486" errors="0" timestamp="2023-09-20T15:57:02 IST" skipped="0">
  <testcase classname="com.GuestUserWith_Minicart_Paypal.tc__PaypalFromLoginPageGuestUser" name="PaypalFromLoginPage" time="29.486"/>
  <system-out/>
</testsuite> <!-- com.GuestUserWith_Minicart_Paypal.tc__PaypalFromLoginPageGuestUser -->
