<?xml version="1.0" encoding="UTF-8"?>
<!-- Generated by org.testng.reporters.JUnitReportReporter -->
<testsuite hostname="DESKTOP-P9MM3AH" failures="0" tests="1" name="com.providio.login.tc__Login" time="36.653" errors="0" timestamp="2023-10-04T18:20:21 IST" skipped="0">
  <testcase classname="com.providio.login.tc__Login" name="loginTest" time="36.653"/>
  <system-out/>
</testsuite> <!-- com.providio.login.tc__Login -->
