<?xml version="1.0" encoding="UTF-8"?>
<!-- Generated by org.testng.reporters.JUnitReportReporter -->
<testsuite hostname="DESKTOP-P9MM3AH" failures="0" tests="1" name="com.GuestUserWith_ViewCart_Paypal.tc__SimpleProductForGuestUser_InVC_Paypal" time="73.037" errors="0" timestamp="2023-09-14T19:30:36 IST" skipped="0">
  <testcase classname="com.GuestUserWith_ViewCart_Paypal.tc__SimpleProductForGuestUser_InVC_Paypal" name="simpleProduct" time="73.037"/>
  <system-out/>
</testsuite> <!-- com.GuestUserWith_ViewCart_Paypal.tc__SimpleProductForGuestUser_InVC_Paypal -->
