<?xml version="1.0" encoding="UTF-8"?>
<!-- Generated by org.testng.reporters.JUnitReportReporter -->
<testsuite hostname="DESKTOP-P9MM3AH" failures="0" tests="1" name="com.GuestUserWith_CreditCard.tc__Bundle_GcAndAllPromotions_Guest_InCC" time="191.544" errors="0" timestamp="2023-10-04T11:43:25 IST" skipped="0">
  <testcase classname="com.GuestUserWith_CreditCard.tc__Bundle_GcAndAllPromotions_Guest_InCC" name="bundle_GcAndAllPromotions" time="191.544"/>
  <system-out/>
</testsuite> <!-- com.GuestUserWith_CreditCard.tc__Bundle_GcAndAllPromotions_Guest_InCC -->
