<?xml version="1.0" encoding="UTF-8"?>
<!-- Generated by org.testng.reporters.JUnitReportReporter -->
<testsuite hostname="LAPTOP-ET4V0VCK" failures="0" tests="1" name="com.providio.testcases.tc__WriteaReview" time="29.750" errors="0" timestamp="2023-09-26T16:38:20 IST" skipped="0">
  <testcase classname="com.providio.testcases.tc__WriteaReview" name="writeReview" time="29.750"/>
  <system-out/>
</testsuite> <!-- com.providio.testcases.tc__WriteaReview -->
