<?xml version="1.0" encoding="UTF-8"?>
<!-- Generated by org.testng.reporters.JUnitReportReporter -->
<testsuite hostname="DESKTOP-P9MM3AH" failures="0" tests="1" name="com.GuestUserWith_ViewCart_Paypal.tc__PickUpStore_Guest_InVC_Paypal" time="112.892" errors="0" timestamp="2023-09-21T14:47:58 IST" skipped="0">
  <testcase classname="com.GuestUserWith_ViewCart_Paypal.tc__PickUpStore_Guest_InVC_Paypal" name="paypalFromCheckoutPage" time="112.892"/>
  <system-out/>
</testsuite> <!-- com.GuestUserWith_ViewCart_Paypal.tc__PickUpStore_Guest_InVC_Paypal -->
