<?xml version="1.0" encoding="UTF-8"?>
<!-- Generated by org.testng.reporters.JUnitReportReporter -->
<testsuite hostname="DESKTOP-P9MM3AH" failures="0" tests="1" name="com.GuestUserWith_CreditCard.tc__BundleProductForGuestUser_CC" time="113.697" errors="0" timestamp="2023-10-11T15:33:08 IST" skipped="0">
  <testcase classname="com.GuestUserWith_CreditCard.tc__BundleProductForGuestUser_CC" name="bundleProduct" time="113.697"/>
  <system-out/>
</testsuite> <!-- com.GuestUserWith_CreditCard.tc__BundleProductForGuestUser_CC -->
