<?xml version="1.0" encoding="UTF-8"?>
<!-- Generated by org.testng.reporters.JUnitReportReporter -->
<testsuite hostname="Windows" failures="0" tests="1" name="com.GuestUserWith_CreditCard.tc__PickUpStore_Guest_CC" time="167.407" errors="0" timestamp="2023-10-15T20:16:13 IST" skipped="0">
  <testcase classname="com.GuestUserWith_CreditCard.tc__PickUpStore_Guest_CC" name="paypalFromCheckoutPage" time="167.407"/>
  <system-out/>
</testsuite> <!-- com.GuestUserWith_CreditCard.tc__PickUpStore_Guest_CC -->
