<?xml version="1.0" encoding="UTF-8"?>
<!-- Generated by org.testng.reporters.JUnitReportReporter -->
<testsuite hostname="DESKTOP-P9MM3AH" failures="0" tests="1" name="com.GuestUserWith_Checkout_Paypal.tc__PickUpStore_Guest_Checkout_Paypal" time="25.317" errors="0" timestamp="2023-09-20T16:50:09 IST" skipped="0">
  <testcase classname="com.GuestUserWith_Checkout_Paypal.tc__PickUpStore_Guest_Checkout_Paypal" name="paypalFromCheckoutPage" time="25.317"/>
  <system-out/>
</testsuite> <!-- com.GuestUserWith_Checkout_Paypal.tc__PickUpStore_Guest_Checkout_Paypal -->
