<?xml version="1.0" encoding="UTF-8"?>
<!-- Generated by org.testng.reporters.JUnitReportReporter -->
<testsuite hostname="DESKTOP-P9MM3AH" failures="0" tests="1" name="com.providio.testcases.tc__viewCartvalidation" time="71.275" errors="0" timestamp="2023-10-13T16:21:39 IST" skipped="0">
  <testcase classname="com.providio.testcases.tc__viewCartvalidation" name="viewCartvalidation" time="71.275"/>
  <system-out/>
</testsuite> <!-- com.providio.testcases.tc__viewCartvalidation -->
