<?xml version="1.0" encoding="UTF-8"?>
<!-- Generated by org.testng.reporters.JUnitReportReporter -->
<testsuite hostname="DESKTOP-P9MM3AH" failures="0" tests="1" name="com.GuestUserWith_CreditCard.tc__BundleProductForGuestUser_CC" time="112.190" errors="0" timestamp="2023-09-21T14:47:58 IST" skipped="0">
  <testcase classname="com.GuestUserWith_CreditCard.tc__BundleProductForGuestUser_CC" name="bundleProduct" time="112.190"/>
  <system-out/>
</testsuite> <!-- com.GuestUserWith_CreditCard.tc__BundleProductForGuestUser_CC -->
