<?xml version="1.0" encoding="UTF-8"?>
<!-- Generated by org.testng.reporters.JUnitReportReporter -->
<testsuite hostname="DESKTOP-P9MM3AH" failures="0" tests="1" name="com.GuestUserWith_Checkout_Paypal.tc__VariationProductForGuestUser_InCheckoutPaypal" time="174.600" errors="0" timestamp="2023-09-20T16:54:56 IST" skipped="0">
  <testcase classname="com.GuestUserWith_Checkout_Paypal.tc__VariationProductForGuestUser_InCheckoutPaypal" name="variationProduct" time="174.600"/>
  <system-out/>
</testsuite> <!-- com.GuestUserWith_Checkout_Paypal.tc__VariationProductForGuestUser_InCheckoutPaypal -->
