<?xml version="1.0" encoding="UTF-8"?>
<!-- Generated by org.testng.reporters.JUnitReportReporter -->
<testsuite hostname="DESKTOP-P9MM3AH" failures="0" tests="1" name="com.GuestUserWith_Checkout_Paypal.tc__Bundle_GcAndAllPromotions_Guest_InCheckoutPaypal" time="164.748" errors="0" timestamp="2023-09-20T16:56:41 IST" skipped="0">
  <testcase classname="com.GuestUserWith_Checkout_Paypal.tc__Bundle_GcAndAllPromotions_Guest_InCheckoutPaypal" name="bundle_GcAndAllPromotions" time="164.748"/>
  <system-out/>
</testsuite> <!-- com.GuestUserWith_Checkout_Paypal.tc__Bundle_GcAndAllPromotions_Guest_InCheckoutPaypal -->
