<?xml version="1.0" encoding="UTF-8"?>
<!-- Generated by org.testng.reporters.JUnitReportReporter -->
<testsuite hostname="DESKTOP-P9MM3AH" failures="0" tests="1" name="com.GuestUserWith_CreditCard.tc__SimpleProductForGuestUser_InCC" time="117.485" errors="0" timestamp="2023-09-20T17:21:57 IST" skipped="0">
  <testcase classname="com.GuestUserWith_CreditCard.tc__SimpleProductForGuestUser_InCC" name="simpleProduct" time="117.485"/>
  <system-out/>
</testsuite> <!-- com.GuestUserWith_CreditCard.tc__SimpleProductForGuestUser_InCC -->
