<?xml version="1.0" encoding="UTF-8"?>
<!-- Generated by org.testng.reporters.JUnitReportReporter -->
<testsuite hostname="DESKTOP-P9MM3AH" failures="0" tests="1" name="com.GuestUserWith_GcAndCC.tc__VariationProductForGuestUser_InGcAndCc" time="297.606" errors="0" timestamp="2023-09-21T14:47:58 IST" skipped="0">
  <testcase classname="com.GuestUserWith_GcAndCC.tc__VariationProductForGuestUser_InGcAndCc" name="variationProduct" time="297.606"/>
  <system-out/>
</testsuite> <!-- com.GuestUserWith_GcAndCC.tc__VariationProductForGuestUser_InGcAndCc -->
