<?xml version="1.0" encoding="UTF-8"?>
<!-- Generated by org.testng.reporters.JUnitReportReporter -->
<testsuite hostname="DESKTOP-P9MM3AH" failures="0" tests="1" name="com.providio.testcases.tc__NavigationAllMenusWithGuestUser" time="244.202" errors="0" timestamp="2023-10-13T13:04:55 IST" skipped="0">
  <testcase classname="com.providio.testcases.tc__NavigationAllMenusWithGuestUser" name="NavigationAllMenusWithGuestUser" time="244.202"/>
  <system-out/>
</testsuite> <!-- com.providio.testcases.tc__NavigationAllMenusWithGuestUser -->
