<?xml version="1.0" encoding="UTF-8"?>
<!-- Generated by org.testng.reporters.JUnitReportReporter -->
<testsuite hostname="DESKTOP-P9MM3AH" failures="0" tests="1" name="com.GuestUserWith_CreditCard.tc__Bundle_GcAndAllPromotions_Guest_InCC" time="174.235" errors="0" timestamp="2023-10-13T10:13:56 IST" skipped="0">
  <testcase classname="com.GuestUserWith_CreditCard.tc__Bundle_GcAndAllPromotions_Guest_InCC" name="bundle_GcAndAllPromotions" time="174.235"/>
  <system-out/>
</testsuite> <!-- com.GuestUserWith_CreditCard.tc__Bundle_GcAndAllPromotions_Guest_InCC -->
