<?xml version="1.0" encoding="UTF-8"?>
<!-- Generated by org.testng.reporters.JUnitReportReporter -->
<testsuite hostname="DESKTOP-P9MM3AH" failures="0" tests="1" name="com.GuestUserWith_ViewCart_Paypal.tc__BundleProductForGuestUser_InVC_Paypal" time="20.094" errors="0" timestamp="2023-09-21T09:27:26 IST" skipped="0">
  <testcase classname="com.GuestUserWith_ViewCart_Paypal.tc__BundleProductForGuestUser_InVC_Paypal" name="bundleProduct" time="20.094"/>
  <system-out/>
</testsuite> <!-- com.GuestUserWith_ViewCart_Paypal.tc__BundleProductForGuestUser_InVC_Paypal -->
