<?xml version="1.0" encoding="UTF-8"?>
<!-- Generated by org.testng.reporters.JUnitReportReporter -->
<testsuite hostname="DESKTOP-P9MM3AH" failures="0" tests="1" name="com.GuestUserWith_Minicart_Paypal.tc__simpleProductAndGc_InMC_Paypal" time="67.287" errors="0" timestamp="2023-09-20T15:57:02 IST" skipped="0">
  <testcase classname="com.GuestUserWith_Minicart_Paypal.tc__simpleProductAndGc_InMC_Paypal" name="simpleProduct_Gc" time="67.287"/>
  <system-out/>
</testsuite> <!-- com.GuestUserWith_Minicart_Paypal.tc__simpleProductAndGc_InMC_Paypal -->
