<?xml version="1.0" encoding="UTF-8"?>
<!-- Generated by org.testng.reporters.JUnitReportReporter -->
<testsuite hostname="Windows" failures="0" tests="1" name="com.providio.testcases.tc__viewCartvalidation" time="75.513" errors="0" timestamp="2023-10-15T19:46:35 IST" skipped="0">
  <testcase classname="com.providio.testcases.tc__viewCartvalidation" name="viewCartvalidation" time="75.513"/>
  <system-out/>
</testsuite> <!-- com.providio.testcases.tc__viewCartvalidation -->
