<?xml version="1.0" encoding="UTF-8"?>
<!-- Generated by org.testng.reporters.JUnitReportReporter -->
<testsuite hostname="DESKTOP-P9MM3AH" failures="0" tests="1" name="com.proviodi.eachPagetest.pdppage" time="17.550" errors="0" timestamp="2023-10-11T16:52:34 IST" skipped="0">
  <testcase classname="com.proviodi.eachPagetest.pdppage" name="testing" time="17.550"/>
  <system-out/>
</testsuite> <!-- com.proviodi.eachPagetest.pdppage -->
